══════════════════════
npx cdk bootstrap --context config-path=/root/Projects/Jigsawml/serverless-pdf-chat/cloudfront-hosting-toolkit 


══════════════════════

[WARNING] aws-cdk-lib.aws_cloudfront_origins.S3Origin is deprecated.
  Use `S3BucketOrigin` or `S3StaticWebsiteOrigin` instead.
  This API will be removed in the next major release.
[WARNING] aws-cdk-lib.aws_cloudfront_origins.S3Origin#bind is deprecated.
  Use `S3BucketOrigin` or `S3StaticWebsiteOrigin` instead.
  This API will be removed in the next major release.
 ⏳  Bootstrapping environment aws://692859938530/us-east-1...
Trusted accounts for deployment: (none)
Trusted accounts for lookup: (none)
Using default execution policy of 'arn:aws:iam::aws:policy/AdministratorAccess'. Pass '--cloudformation-execution-policies' to customize.
CDKToolkit: creating CloudFormation changeset...
CDKToolkit |  0/12 | 8:30:20 PM | REVIEW_IN_PROGRESS   | AWS::CloudFormation::Stack | CDKToolkit User Initiated
CDKToolkit |  0/12 | 8:30:26 PM | CREATE_IN_PROGRESS   | AWS::CloudFormation::Stack | CDKToolkit User Initiated
CDKToolkit |  0/12 | 8:30:29 PM | CREATE_IN_PROGRESS   | AWS::IAM::Role          | LookupRole 
CDKToolkit |  0/12 | 8:30:29 PM | CREATE_IN_PROGRESS   | AWS::ECR::Repository    | ContainerAssetsRepository 
CDKToolkit |  0/12 | 8:30:29 PM | CREATE_IN_PROGRESS   | AWS::S3::Bucket         | StagingBucket 
CDKToolkit |  0/12 | 8:30:29 PM | CREATE_IN_PROGRESS   | AWS::SSM::Parameter     | CdkBootstrapVersion 
CDKToolkit |  0/12 | 8:30:29 PM | CREATE_IN_PROGRESS   | AWS::IAM::Role          | ImagePublishingRole 
CDKToolkit |  0/12 | 8:30:29 PM | CREATE_IN_PROGRESS   | AWS::IAM::Role          | CloudFormationExecutionRole 
CDKToolkit |  0/12 | 8:30:29 PM | CREATE_IN_PROGRESS   | AWS::IAM::Role          | FilePublishingRole 
CDKToolkit |  0/12 | 8:30:30 PM | CREATE_IN_PROGRESS   | AWS::SSM::Parameter     | CdkBootstrapVersion Resource creation Initiated
CDKToolkit |  0/12 | 8:30:30 PM | CREATE_IN_PROGRESS   | AWS::IAM::Role          | CloudFormationExecutionRole Resource creation Initiated
CDKToolkit |  0/12 | 8:30:30 PM | CREATE_IN_PROGRESS   | AWS::ECR::Repository    | ContainerAssetsRepository Resource creation Initiated
CDKToolkit |  0/12 | 8:30:30 PM | CREATE_IN_PROGRESS   | AWS::IAM::Role          | ImagePublishingRole Resource creation Initiated
CDKToolkit |  0/12 | 8:30:30 PM | CREATE_IN_PROGRESS   | AWS::IAM::Role          | LookupRole Resource creation Initiated
CDKToolkit |  0/12 | 8:30:30 PM | CREATE_IN_PROGRESS   | AWS::IAM::Role          | FilePublishingRole Resource creation Initiated
CDKToolkit |  1/12 | 8:30:30 PM | CREATE_COMPLETE      | AWS::ECR::Repository    | ContainerAssetsRepository 
CDKToolkit |  2/12 | 8:30:30 PM | CREATE_COMPLETE      | AWS::SSM::Parameter     | CdkBootstrapVersion 
CDKToolkit |  2/12 | 8:30:30 PM | CREATE_IN_PROGRESS   | AWS::S3::Bucket         | StagingBucket Resource creation Initiated
CDKToolkit |  3/12 | 8:30:43 PM | CREATE_COMPLETE      | AWS::S3::Bucket         | StagingBucket 
CDKToolkit |  3/12 | 8:30:45 PM | CREATE_IN_PROGRESS   | AWS::S3::BucketPolicy   | StagingBucketPolicy 
CDKToolkit |  3/12 | 8:30:46 PM | CREATE_IN_PROGRESS   | AWS::S3::BucketPolicy   | StagingBucketPolicy Resource creation Initiated
CDKToolkit |  4/12 | 8:30:46 PM | CREATE_COMPLETE      | AWS::S3::BucketPolicy   | StagingBucketPolicy 
CDKToolkit |  5/12 | 8:30:47 PM | CREATE_COMPLETE      | AWS::IAM::Role          | CloudFormationExecutionRole 
CDKToolkit |  6/12 | 8:30:47 PM | CREATE_COMPLETE      | AWS::IAM::Role          | ImagePublishingRole 
CDKToolkit |  7/12 | 8:30:48 PM | CREATE_COMPLETE      | AWS::IAM::Role          | FilePublishingRole 
CDKToolkit |  8/12 | 8:30:48 PM | CREATE_COMPLETE      | AWS::IAM::Role          | LookupRole 
CDKToolkit |  8/12 | 8:30:48 PM | CREATE_IN_PROGRESS   | AWS::IAM::Policy        | FilePublishingRoleDefaultPolicy 
CDKToolkit |  8/12 | 8:30:48 PM | CREATE_IN_PROGRESS   | AWS::IAM::Policy        | ImagePublishingRoleDefaultPolicy 
CDKToolkit |  8/12 | 8:30:49 PM | CREATE_IN_PROGRESS   | AWS::IAM::Policy        | FilePublishingRoleDefaultPolicy Resource creation Initiated
CDKToolkit |  8/12 | 8:30:49 PM | CREATE_IN_PROGRESS   | AWS::IAM::Policy        | ImagePublishingRoleDefaultPolicy Resource creation Initiated
CDKToolkit |  8/12 | 8:30:52 PM | CREATE_IN_PROGRESS   | AWS::IAM::Role          | DeploymentActionRole 
CDKToolkit |  8/12 | 8:30:54 PM | CREATE_IN_PROGRESS   | AWS::IAM::Role          | DeploymentActionRole Resource creation Initiated
CDKToolkit |  9/12 | 8:31:05 PM | CREATE_COMPLETE      | AWS::IAM::Policy        | FilePublishingRoleDefaultPolicy 
CDKToolkit | 10/12 | 8:31:05 PM | CREATE_COMPLETE      | AWS::IAM::Policy        | ImagePublishingRoleDefaultPolicy 
CDKToolkit | 11/12 | 8:31:18 PM | CREATE_COMPLETE      | AWS::IAM::Role          | DeploymentActionRole 
CDKToolkit | 12/12 | 8:31:20 PM | CREATE_COMPLETE      | AWS::CloudFormation::Stack | CDKToolkit 
 ✅  Environment aws://692859938530/us-east-1 bootstrapped.

NOTICES         (What's this? https://github.com/aws/aws-cdk/wiki/CLI-Notices)

31654	(cli): validation errors detected: Value '' at 'stackName' 

	Overview: A change was added to aws-cdk-lib to introduce a new cli
	          command feature `cdk --rollback`. This change caused an
	          issue with nested stacks deployment in CDK app. The
	          workaround is pin CDK to an older version 2.160.0 or before.

	Affected versions: cli: 2.161.0

	More information at: https://github.com/aws/aws-cdk/issues/31654


If you don’t want to see a notice anymore, use "cdk acknowledge <id>". For example, "cdk acknowledge 31654".
